2026-01-07 23:43:37,995 - INFO - Using device: cuda
2026-01-07 23:44:09,612 - INFO - Train dataset size: 20000
2026-01-07 23:44:09,612 - INFO - Val dataset size: 0
2026-01-07 23:44:09,617 - INFO - Model: NeuroSymbolicLPR
2026-01-07 23:44:09,618 - INFO - Total parameters: 26,689,838
2026-01-07 23:44:09,618 - INFO - Trainable parameters: 26,689,838
2026-01-07 23:44:09,618 - INFO -   encoder: 4,687,296 params
2026-01-07 23:44:09,619 - INFO -   stn: 440,366 params
2026-01-07 23:44:09,619 - INFO -   multi_frame_stn: 440,366 params
2026-01-07 23:44:09,620 - INFO -   layout_classifier: 730,945 params
2026-01-07 23:44:09,620 - INFO -   quality_fusion: 836,225 params
2026-01-07 23:44:09,621 - INFO -   feature_to_image: 1,478,403 params
2026-01-07 23:44:09,624 - INFO -   generator: 18,516,603 params
2026-01-07 23:44:09,624 - INFO -   recognizer: 0 params
2026-01-07 23:44:09,625 - INFO -   syntax_mask: 0 params
2026-01-07 23:44:09,626 - INFO - Stage stn: Using batch size 32
2026-01-07 23:44:09,626 - INFO - Starting training stage: stn
2026-01-07 23:44:09,627 - INFO -   Mixed precision: True
2026-01-07 23:44:09,627 - INFO -   EMA: True
2026-01-07 23:44:09,627 - INFO -   Early stopping patience: 0
