2026-01-07 23:47:02,738 - INFO - Using device: cuda
2026-01-07 23:47:18,063 - INFO - Train dataset size: 20000
2026-01-07 23:47:18,063 - INFO - Val dataset size: 0
2026-01-07 23:47:18,068 - INFO - Model: NeuroSymbolicLPR
2026-01-07 23:47:18,068 - INFO - Total parameters: 26,689,838
2026-01-07 23:47:18,068 - INFO - Trainable parameters: 26,689,838
2026-01-07 23:47:18,069 - INFO -   encoder: 4,687,296 params
2026-01-07 23:47:18,069 - INFO -   stn: 440,366 params
2026-01-07 23:47:18,069 - INFO -   multi_frame_stn: 440,366 params
2026-01-07 23:47:18,069 - INFO -   layout_classifier: 730,945 params
2026-01-07 23:47:18,070 - INFO -   quality_fusion: 836,225 params
2026-01-07 23:47:18,070 - INFO -   feature_to_image: 1,478,403 params
2026-01-07 23:47:18,072 - INFO -   generator: 18,516,603 params
2026-01-07 23:47:18,072 - INFO -   recognizer: 0 params
2026-01-07 23:47:18,072 - INFO -   syntax_mask: 0 params
2026-01-07 23:47:18,073 - INFO - Stage stn: Using batch size 32
2026-01-07 23:47:18,073 - INFO - Starting training stage: stn
2026-01-07 23:47:18,074 - INFO -   Mixed precision: True
2026-01-07 23:47:18,074 - INFO -   EMA: True
2026-01-07 23:47:18,074 - INFO -   Early stopping patience: 0
