2026-01-07 22:43:56,988 - INFO - Using device: cuda
2026-01-07 22:44:22,701 - INFO - Train dataset size: 20000
2026-01-07 22:44:22,702 - INFO - Val dataset size: 0
2026-01-07 22:44:22,713 - INFO - Model: NeuroSymbolicLPR
2026-01-07 22:44:22,713 - INFO - Total parameters: 26,689,838
2026-01-07 22:44:22,713 - INFO - Trainable parameters: 26,689,838
2026-01-07 22:44:22,714 - INFO -   encoder: 4,687,296 params
2026-01-07 22:44:22,714 - INFO -   stn: 440,366 params
2026-01-07 22:44:22,715 - INFO -   multi_frame_stn: 440,366 params
2026-01-07 22:44:22,715 - INFO -   layout_classifier: 730,945 params
2026-01-07 22:44:22,716 - INFO -   quality_fusion: 836,225 params
2026-01-07 22:44:22,716 - INFO -   feature_to_image: 1,478,403 params
2026-01-07 22:44:22,722 - INFO -   generator: 18,516,603 params
2026-01-07 22:44:22,736 - INFO -   recognizer: 0 params
2026-01-07 22:44:22,737 - INFO -   syntax_mask: 0 params
2026-01-07 22:44:22,739 - INFO - Stage stn: Using batch size 32
2026-01-07 22:44:22,740 - INFO - Starting training stage: stn
2026-01-07 22:44:22,742 - INFO -   Mixed precision: True
2026-01-07 22:44:22,744 - INFO -   EMA: True
2026-01-07 22:44:22,744 - INFO -   Early stopping patience: 0
