2026-01-10 23:53:16,847 - INFO - Using device: cuda
2026-01-10 23:53:24,319 - INFO - Train dataset size: 20000
2026-01-10 23:53:24,320 - INFO - Val dataset size: 0
2026-01-10 23:53:24,323 - INFO - Model: NeuroSymbolicLPR
2026-01-10 23:53:24,323 - INFO - Total parameters: 26,689,838
2026-01-10 23:53:24,323 - INFO - Trainable parameters: 26,689,838
2026-01-10 23:53:24,323 - INFO -   encoder: 4,687,296 params
2026-01-10 23:53:24,324 - INFO -   stn: 440,366 params
2026-01-10 23:53:24,324 - INFO -   multi_frame_stn: 440,366 params
2026-01-10 23:53:24,324 - INFO -   layout_classifier: 730,945 params
2026-01-10 23:53:24,324 - INFO -   quality_fusion: 836,225 params
2026-01-10 23:53:24,324 - INFO -   feature_to_image: 1,478,403 params
2026-01-10 23:53:24,325 - INFO -   generator: 18,516,603 params
2026-01-10 23:53:38,512 - INFO -   recognizer: 23,832,671 params
2026-01-10 23:53:38,512 - INFO -   syntax_mask: 0 params
2026-01-10 23:53:38,513 - INFO - Stage stn: Using batch size 32
2026-01-10 23:53:44,365 - INFO - Starting training stage: stn
2026-01-10 23:53:44,366 - INFO -   Mixed precision: True
2026-01-10 23:53:44,366 - INFO -   EMA: True
2026-01-10 23:53:44,366 - INFO -   Early stopping patience: 0
2026-01-10 23:53:44,366 - INFO -   Gradient clip norm: 0.5
