2026-01-10 00:47:10,226 - INFO - Using device: cuda
2026-01-10 00:52:12,055 - INFO - Train dataset size: 20000
2026-01-10 00:52:12,055 - INFO - Val dataset size: 0
2026-01-10 00:52:12,060 - INFO - Model: NeuroSymbolicLPR
2026-01-10 00:52:12,060 - INFO - Total parameters: 26,689,838
2026-01-10 00:52:12,060 - INFO - Trainable parameters: 26,689,838
2026-01-10 00:52:12,061 - INFO -   encoder: 4,687,296 params
2026-01-10 00:52:12,061 - INFO -   stn: 440,366 params
2026-01-10 00:52:12,061 - INFO -   multi_frame_stn: 440,366 params
2026-01-10 00:52:12,061 - INFO -   layout_classifier: 730,945 params
2026-01-10 00:52:12,062 - INFO -   quality_fusion: 836,225 params
2026-01-10 00:52:12,062 - INFO -   feature_to_image: 1,478,403 params
2026-01-10 00:52:12,063 - INFO -   generator: 18,516,603 params
2026-01-10 00:52:15,008 - INFO -   recognizer: 24,006,183 params
2026-01-10 00:52:15,008 - INFO -   syntax_mask: 0 params
2026-01-10 00:52:15,010 - INFO - Stage stn: Using batch size 32
2026-01-10 00:52:15,520 - INFO - Starting training stage: stn
2026-01-10 00:52:15,520 - INFO -   Mixed precision: True
2026-01-10 00:52:15,520 - INFO -   EMA: True
2026-01-10 00:52:15,521 - INFO -   Early stopping patience: 0
2026-01-10 00:52:15,521 - INFO -   Gradient clip norm: 0.5
