2026-01-07 23:03:17,438 - INFO - Using device: cuda
2026-01-07 23:03:47,996 - INFO - Train dataset size: 20000
2026-01-07 23:03:47,997 - INFO - Val dataset size: 0
2026-01-07 23:03:48,007 - INFO - Model: NeuroSymbolicLPR
2026-01-07 23:03:48,008 - INFO - Total parameters: 26,689,838
2026-01-07 23:03:48,011 - INFO - Trainable parameters: 26,689,838
2026-01-07 23:03:48,013 - INFO -   encoder: 4,687,296 params
2026-01-07 23:03:48,015 - INFO -   stn: 440,366 params
2026-01-07 23:03:48,016 - INFO -   multi_frame_stn: 440,366 params
2026-01-07 23:03:48,016 - INFO -   layout_classifier: 730,945 params
2026-01-07 23:03:48,017 - INFO -   quality_fusion: 836,225 params
2026-01-07 23:03:48,018 - INFO -   feature_to_image: 1,478,403 params
2026-01-07 23:03:48,023 - INFO -   generator: 18,516,603 params
2026-01-07 23:03:48,026 - INFO -   recognizer: 0 params
2026-01-07 23:03:48,027 - INFO -   syntax_mask: 0 params
2026-01-07 23:03:48,029 - INFO - Stage stn: Using batch size 32
2026-01-07 23:03:48,030 - INFO - Starting training stage: stn
2026-01-07 23:03:48,031 - INFO -   Mixed precision: True
2026-01-07 23:03:48,031 - INFO -   EMA: True
2026-01-07 23:03:48,032 - INFO -   Early stopping patience: 0
