2026-01-07 23:58:47,258 - INFO - Using device: cuda
2026-01-07 23:59:01,337 - INFO - Train dataset size: 20000
2026-01-07 23:59:01,337 - INFO - Val dataset size: 0
2026-01-07 23:59:01,341 - INFO - Model: NeuroSymbolicLPR
2026-01-07 23:59:01,341 - INFO - Total parameters: 26,689,838
2026-01-07 23:59:01,341 - INFO - Trainable parameters: 26,689,838
2026-01-07 23:59:01,341 - INFO -   encoder: 4,687,296 params
2026-01-07 23:59:01,342 - INFO -   stn: 440,366 params
2026-01-07 23:59:01,342 - INFO -   multi_frame_stn: 440,366 params
2026-01-07 23:59:01,342 - INFO -   layout_classifier: 730,945 params
2026-01-07 23:59:01,342 - INFO -   quality_fusion: 836,225 params
2026-01-07 23:59:01,343 - INFO -   feature_to_image: 1,478,403 params
2026-01-07 23:59:01,345 - INFO -   generator: 18,516,603 params
2026-01-07 23:59:02,461 - INFO -   recognizer: 24,006,183 params
2026-01-07 23:59:02,461 - INFO -   syntax_mask: 0 params
2026-01-07 23:59:02,463 - INFO - Stage stn: Using batch size 32
2026-01-07 23:59:02,463 - INFO - Starting training stage: stn
2026-01-07 23:59:02,464 - INFO -   Mixed precision: True
2026-01-07 23:59:02,464 - INFO -   EMA: True
2026-01-07 23:59:02,464 - INFO -   Early stopping patience: 0
