2026-01-07 23:54:00,819 - INFO - Using device: cuda
2026-01-07 23:54:22,496 - INFO - Train dataset size: 20000
2026-01-07 23:54:22,497 - INFO - Val dataset size: 0
2026-01-07 23:54:22,501 - INFO - Model: NeuroSymbolicLPR
2026-01-07 23:54:22,501 - INFO - Total parameters: 26,689,838
2026-01-07 23:54:22,502 - INFO - Trainable parameters: 26,689,838
2026-01-07 23:54:22,502 - INFO -   encoder: 4,687,296 params
2026-01-07 23:54:22,502 - INFO -   stn: 440,366 params
2026-01-07 23:54:22,502 - INFO -   multi_frame_stn: 440,366 params
2026-01-07 23:54:22,503 - INFO -   layout_classifier: 730,945 params
2026-01-07 23:54:22,503 - INFO -   quality_fusion: 836,225 params
2026-01-07 23:54:22,504 - INFO -   feature_to_image: 1,478,403 params
2026-01-07 23:54:22,506 - INFO -   generator: 18,516,603 params
2026-01-07 23:54:23,544 - INFO -   recognizer: 24,006,183 params
2026-01-07 23:54:23,545 - INFO -   syntax_mask: 0 params
2026-01-07 23:54:23,546 - INFO - Stage stn: Using batch size 32
2026-01-07 23:54:23,546 - INFO - Starting training stage: stn
2026-01-07 23:54:23,546 - INFO -   Mixed precision: True
2026-01-07 23:54:23,546 - INFO -   EMA: True
2026-01-07 23:54:23,547 - INFO -   Early stopping patience: 0
